<?xml version="1.0" encoding="UTF-8"?>
<!-- Generated by org.testng.reporters.JUnitReportReporter -->
<testsuite hostname="DevOne" failures="0" tests="4" name="com.chromatech.runners.RunTests" time="15.408" errors="0" timestamp="2026-01-22T22:30:42 EST" skipped="0">
  <testcase classname="com.chromatech.runners.RunTests" name="runScenario" time="7.689"/>
  <testcase classname="com.chromatech.runners.RunTests" name="runScenario" time="2.587"/>
  <testcase classname="com.chromatech.runners.RunTests" name="runScenario" time="2.548"/>
  <testcase classname="com.chromatech.runners.RunTests" name="runScenario" time="2.584"/>
</testsuite> <!-- com.chromatech.runners.RunTests -->
