<?xml version="1.0" encoding="UTF-8"?>
<!-- Generated by org.testng.reporters.JUnitReportReporter -->
<testsuite hostname="DevOne" failures="0" tests="4" name="com.chromatech.runners.RunTests" time="9.822" errors="0" timestamp="2026-01-19T20:02:42 EST" skipped="0">
  <testcase classname="com.chromatech.runners.RunTests" name="runScenario" time="3.774"/>
  <testcase classname="com.chromatech.runners.RunTests" name="runScenario" time="2.026"/>
  <testcase classname="com.chromatech.runners.RunTests" name="runScenario" time="1.962"/>
  <testcase classname="com.chromatech.runners.RunTests" name="runScenario" time="2.060"/>
</testsuite> <!-- com.chromatech.runners.RunTests -->
