<?xml version="1.0" encoding="UTF-8"?>
<testsuite xmlns:xsi="http://www.w3.org/2001/XMLSchema-instance" xsi:noNamespaceSchemaLocation="https://maven.apache.org/surefire/maven-surefire-plugin/xsd/surefire-test-report.xsd" name="com.chromatech.runners.RunTests" time="16.376" tests="4" errors="0" skipped="0" failures="0">
  <properties>
[...]
</properties>
  <testcase name="runScenario" classname="com.chromatech.runners.RunTests" time="7.691"/>
  <testcase name="runScenario" classname="com.chromatech.runners.RunTests" time="2.584"/>
  <testcase name="runScenario" classname="com.chromatech.runners.RunTests" time="2.587"/>
  <testcase name="runScenario" classname="com.chromatech.runners.RunTests" time="2.548"/>
</testsuite>