<?xml version="1.0" encoding="UTF-8"?>
<testng-results ignored="0" total="4" passed="4" failed="0" skipped="0">
  <reporter-output>
  </reporter-output>
  <suite started-at="2026-01-19T20:02:32 EST" name="Surefire suite" finished-at="2026-01-19T20:02:42 EST" duration-ms="10352">
    <groups>
      <group name="cucumber">
        <method signature="AbstractTestNGCucumberTests.runScenario(io.cucumber.testng.PickleWrapper,io.cucumber.testng.FeatureWrapper)[pri:0, instance:com.chromatech.runners.RunTests@2145433b]" name="runScenario" class="io.cucumber.testng.AbstractTestNGCucumberTests"/>
      </group> <!-- cucumber -->
    </groups>
    <test started-at="2026-01-19T20:02:32 EST" name="Surefire test" finished-at="2026-01-19T20:02:42 EST" duration-ms="10352">
      <class name="com.chromatech.runners.RunTests">
        <test-method is-config="true" signature="setUpClass(org.testng.ITestContext)[pri:0, instance:com.chromatech.runners.RunTests@2145433b]" started-at="2026-01-19T20:02:32 EST" name="setUpClass" finished-at="2026-01-19T20:02:33 EST" duration-ms="433" status="PASS">
          <params>
            <param index="0">
              <value>
                <![CDATA[org.testng.TestRunner@f324455]]>
              </value>
            </param>
          </params>
          <reporter-output>
          </reporter-output>
        </test-method> <!-- setUpClass -->
        <test-method signature="runScenario(io.cucumber.testng.PickleWrapper,io.cucumber.testng.FeatureWrapper)[pri:0, instance:com.chromatech.runners.RunTests@2145433b]" started-at="2026-01-19T20:02:33 EST" name="runScenario" description="Runs Cucumber Scenarios" data-provider="scenarios" finished-at="2026-01-19T20:02:36 EST" duration-ms="3774" status="PASS">
          <params>
            <param index="0">
              <value>
                <![CDATA["Login"]]>
              </value>
            </param>
            <param index="1">
              <value>
                <![CDATA["Login Scenarios"]]>
              </value>
            </param>
          </params>
          <reporter-output>
          </reporter-output>
        </test-method> <!-- runScenario -->
        <test-method signature="runScenario(io.cucumber.testng.PickleWrapper,io.cucumber.testng.FeatureWrapper)[pri:0, instance:com.chromatech.runners.RunTests@2145433b]" started-at="2026-01-19T20:02:36 EST" name="runScenario" description="Runs Cucumber Scenarios" data-provider="scenarios" finished-at="2026-01-19T20:02:38 EST" duration-ms="1962" status="PASS">
          <params>
            <param index="0">
              <value>
                <![CDATA["Login2"]]>
              </value>
            </param>
            <param index="1">
              <value>
                <![CDATA["Login Scenarios"]]>
              </value>
            </param>
          </params>
          <reporter-output>
          </reporter-output>
        </test-method> <!-- runScenario -->
        <test-method signature="runScenario(io.cucumber.testng.PickleWrapper,io.cucumber.testng.FeatureWrapper)[pri:0, instance:com.chromatech.runners.RunTests@2145433b]" started-at="2026-01-19T20:02:38 EST" name="runScenario" description="Runs Cucumber Scenarios" data-provider="scenarios" finished-at="2026-01-19T20:02:40 EST" duration-ms="2026" status="PASS">
          <params>
            <param index="0">
              <value>
                <![CDATA["Login3"]]>
              </value>
            </param>
            <param index="1">
              <value>
                <![CDATA["Login Scenarios"]]>
              </value>
            </param>
          </params>
          <reporter-output>
          </reporter-output>
        </test-method> <!-- runScenario -->
        <test-method signature="runScenario(io.cucumber.testng.PickleWrapper,io.cucumber.testng.FeatureWrapper)[pri:0, instance:com.chromatech.runners.RunTests@2145433b]" started-at="2026-01-19T20:02:40 EST" name="runScenario" description="Runs Cucumber Scenarios" data-provider="scenarios" finished-at="2026-01-19T20:02:42 EST" duration-ms="2060" status="PASS">
          <params>
            <param index="0">
              <value>
                <![CDATA["Login4"]]>
              </value>
            </param>
            <param index="1">
              <value>
                <![CDATA["Login Scenarios"]]>
              </value>
            </param>
          </params>
          <reporter-output>
          </reporter-output>
        </test-method> <!-- runScenario -->
        <test-method is-config="true" signature="tearDownClass()[pri:0, instance:com.chromatech.runners.RunTests@2145433b]" started-at="2026-01-19T20:02:42 EST" name="tearDownClass" finished-at="2026-01-19T20:02:42 EST" duration-ms="58" status="PASS">
          <reporter-output>
          </reporter-output>
        </test-method> <!-- tearDownClass -->
      </class> <!-- com.chromatech.runners.RunTests -->
    </test> <!-- Surefire test -->
  </suite> <!-- Surefire suite -->
</testng-results>
